[29-Jul-2024 06:33:20 UTC] PHP Fatal error:  Uncaught Error: Using $this when not in object context in C:\Users\hp\Local Sites\customplugin\app\public\wp-content\plugins\wp-book\includes\class-wp-book-activator.php:33
Stack trace:
#0 C:\Users\hp\Local Sites\customplugin\app\public\wp-content\plugins\wp-book\wp-book.php(46): Wp_Book_Activator::activate()
#1 C:\Users\hp\Local Sites\customplugin\app\public\wp-includes\class-wp-hook.php(324): activate_wp_book(false)
#2 C:\Users\hp\Local Sites\customplugin\app\public\wp-includes\class-wp-hook.php(348): WP_Hook->apply_filters('', Array)
#3 C:\Users\hp\Local Sites\customplugin\app\public\wp-includes\plugin.php(517): WP_Hook->do_action(Array)
#4 C:\Users\hp\Local Sites\customplugin\app\public\wp-admin\includes\plugin.php(703): do_action('activate_wp-boo...', false)
#5 C:\Users\hp\Local Sites\customplugin\app\public\wp-admin\plugins.php(60): activate_plugin('wp-book/wp-book...', 'http://custompl...', false)
#6 {main}
  thrown in C:\Users\hp\Local Sites\customplugin\app\public\wp-content\plugins\wp-book\includes\class-wp-book-activator.php on line 33
[29-Jul-2024 06:34:08 UTC] PHP Fatal error:  Uncaught Error: Using $this when not in object context in C:\Users\hp\Local Sites\customplugin\app\public\wp-content\plugins\wp-book\includes\class-wp-book-activator.php:33
Stack trace:
#0 C:\Users\hp\Local Sites\customplugin\app\public\wp-content\plugins\wp-book\wp-book.php(46): Wp_Book_Activator::activate()
#1 C:\Users\hp\Local Sites\customplugin\app\public\wp-includes\class-wp-hook.php(324): activate_wp_book(false)
#2 C:\Users\hp\Local Sites\customplugin\app\public\wp-includes\class-wp-hook.php(348): WP_Hook->apply_filters('', Array)
#3 C:\Users\hp\Local Sites\customplugin\app\public\wp-includes\plugin.php(517): WP_Hook->do_action(Array)
#4 C:\Users\hp\Local Sites\customplugin\app\public\wp-admin\includes\plugin.php(703): do_action('activate_wp-boo...', false)
#5 C:\Users\hp\Local Sites\customplugin\app\public\wp-admin\plugins.php(60): activate_plugin('wp-book/wp-book...', 'http://custompl...', false)
#6 {main}
  thrown in C:\Users\hp\Local Sites\customplugin\app\public\wp-content\plugins\wp-book\includes\class-wp-book-activator.php on line 33
[29-Jul-2024 06:37:27 UTC] PHP Parse error:  syntax error, unexpected token "}", expecting variable in C:\Users\hp\Local Sites\customplugin\app\public\wp-content\plugins\wp-book\admin\class-wp-book-admin.php on line 105
[29-Jul-2024 09:26:10 UTC] PHP Fatal error:  Uncaught TypeError: call_user_func_array(): Argument #1 ($callback) must be a valid callback, second array member is not a valid method in C:\Users\hp\Local Sites\customplugin\app\public\wp-includes\class-wp-hook.php:324
Stack trace:
#0 C:\Users\hp\Local Sites\customplugin\app\public\wp-includes\class-wp-hook.php(348): WP_Hook->apply_filters(NULL, Array)
#1 C:\Users\hp\Local Sites\customplugin\app\public\wp-includes\plugin.php(517): WP_Hook->do_action(Array)
#2 C:\Users\hp\Local Sites\customplugin\app\public\wp-settings.php(700): do_action('init')
#3 C:\Users\hp\Local Sites\customplugin\app\public\wp-config.php(115): require_once('C:\\Users\\hp\\Loc...')
#4 C:\Users\hp\Local Sites\customplugin\app\public\wp-load.php(50): require_once('C:\\Users\\hp\\Loc...')
#5 C:\Users\hp\Local Sites\customplugin\app\public\wp-admin\admin-ajax.php(22): require_once('C:\\Users\\hp\\Loc...')
#6 {main}
  thrown in C:\Users\hp\Local Sites\customplugin\app\public\wp-includes\class-wp-hook.php on line 324
[29-Jul-2024 09:26:16 UTC] PHP Fatal error:  Uncaught TypeError: call_user_func_array(): Argument #1 ($callback) must be a valid callback, second array member is not a valid method in C:\Users\hp\Local Sites\customplugin\app\public\wp-includes\class-wp-hook.php:324
Stack trace:
#0 C:\Users\hp\Local Sites\customplugin\app\public\wp-includes\class-wp-hook.php(348): WP_Hook->apply_filters(NULL, Array)
#1 C:\Users\hp\Local Sites\customplugin\app\public\wp-includes\plugin.php(517): WP_Hook->do_action(Array)
#2 C:\Users\hp\Local Sites\customplugin\app\public\wp-settings.php(700): do_action('init')
#3 C:\Users\hp\Local Sites\customplugin\app\public\wp-config.php(115): require_once('C:\\Users\\hp\\Loc...')
#4 C:\Users\hp\Local Sites\customplugin\app\public\wp-load.php(50): require_once('C:\\Users\\hp\\Loc...')
#5 C:\Users\hp\Local Sites\customplugin\app\public\wp-admin\admin.php(34): require_once('C:\\Users\\hp\\Loc...')
#6 C:\Users\hp\Local Sites\customplugin\app\public\wp-admin\plugins.php(10): require_once('C:\\Users\\hp\\Loc...')
#7 {main}
  thrown in C:\Users\hp\Local Sites\customplugin\app\public\wp-includes\class-wp-hook.php on line 324
[29-Jul-2024 09:26:16 UTC] PHP Fatal error:  Uncaught TypeError: call_user_func_array(): Argument #1 ($callback) must be a valid callback, second array member is not a valid method in C:\Users\hp\Local Sites\customplugin\app\public\wp-includes\class-wp-hook.php:324
Stack trace:
#0 C:\Users\hp\Local Sites\customplugin\app\public\wp-includes\class-wp-hook.php(348): WP_Hook->apply_filters(NULL, Array)
#1 C:\Users\hp\Local Sites\customplugin\app\public\wp-includes\plugin.php(517): WP_Hook->do_action(Array)
#2 C:\Users\hp\Local Sites\customplugin\app\public\wp-settings.php(700): do_action('init')
#3 C:\Users\hp\Local Sites\customplugin\app\public\wp-config.php(115): require_once('C:\\Users\\hp\\Loc...')
#4 C:\Users\hp\Local Sites\customplugin\app\public\wp-load.php(50): require_once('C:\\Users\\hp\\Loc...')
#5 C:\Users\hp\Local Sites\customplugin\app\public\wp-blog-header.php(13): require_once('C:\\Users\\hp\\Loc...')
#6 C:\Users\hp\Local Sites\customplugin\app\public\index.php(17): require('C:\\Users\\hp\\Loc...')
#7 {main}
  thrown in C:\Users\hp\Local Sites\customplugin\app\public\wp-includes\class-wp-hook.php on line 324
[29-Jul-2024 09:27:00 UTC] PHP Fatal error:  Uncaught TypeError: call_user_func_array(): Argument #1 ($callback) must be a valid callback, second array member is not a valid method in C:\Users\hp\Local Sites\customplugin\app\public\wp-includes\class-wp-hook.php:324
Stack trace:
#0 C:\Users\hp\Local Sites\customplugin\app\public\wp-includes\class-wp-hook.php(348): WP_Hook->apply_filters(NULL, Array)
#1 C:\Users\hp\Local Sites\customplugin\app\public\wp-includes\plugin.php(517): WP_Hook->do_action(Array)
#2 C:\Users\hp\Local Sites\customplugin\app\public\wp-settings.php(700): do_action('init')
#3 C:\Users\hp\Local Sites\customplugin\app\public\wp-config.php(115): require_once('C:\\Users\\hp\\Loc...')
#4 C:\Users\hp\Local Sites\customplugin\app\public\wp-load.php(50): require_once('C:\\Users\\hp\\Loc...')
#5 C:\Users\hp\Local Sites\customplugin\app\public\wp-admin\admin.php(34): require_once('C:\\Users\\hp\\Loc...')
#6 C:\Users\hp\Local Sites\customplugin\app\public\wp-admin\plugins.php(10): require_once('C:\\Users\\hp\\Loc...')
#7 {main}
  thrown in C:\Users\hp\Local Sites\customplugin\app\public\wp-includes\class-wp-hook.php on line 324
[29-Jul-2024 09:27:00 UTC] PHP Fatal error:  Uncaught TypeError: call_user_func_array(): Argument #1 ($callback) must be a valid callback, second array member is not a valid method in C:\Users\hp\Local Sites\customplugin\app\public\wp-includes\class-wp-hook.php:324
Stack trace:
#0 C:\Users\hp\Local Sites\customplugin\app\public\wp-includes\class-wp-hook.php(348): WP_Hook->apply_filters(NULL, Array)
#1 C:\Users\hp\Local Sites\customplugin\app\public\wp-includes\plugin.php(517): WP_Hook->do_action(Array)
#2 C:\Users\hp\Local Sites\customplugin\app\public\wp-settings.php(700): do_action('init')
#3 C:\Users\hp\Local Sites\customplugin\app\public\wp-config.php(115): require_once('C:\\Users\\hp\\Loc...')
#4 C:\Users\hp\Local Sites\customplugin\app\public\wp-load.php(50): require_once('C:\\Users\\hp\\Loc...')
#5 C:\Users\hp\Local Sites\customplugin\app\public\wp-blog-header.php(13): require_once('C:\\Users\\hp\\Loc...')
#6 C:\Users\hp\Local Sites\customplugin\app\public\index.php(17): require('C:\\Users\\hp\\Loc...')
#7 {main}
  thrown in C:\Users\hp\Local Sites\customplugin\app\public\wp-includes\class-wp-hook.php on line 324
[29-Jul-2024 09:27:04 UTC] PHP Fatal error:  Uncaught TypeError: call_user_func_array(): Argument #1 ($callback) must be a valid callback, second array member is not a valid method in C:\Users\hp\Local Sites\customplugin\app\public\wp-includes\class-wp-hook.php:324
Stack trace:
#0 C:\Users\hp\Local Sites\customplugin\app\public\wp-includes\class-wp-hook.php(348): WP_Hook->apply_filters(NULL, Array)
#1 C:\Users\hp\Local Sites\customplugin\app\public\wp-includes\plugin.php(517): WP_Hook->do_action(Array)
#2 C:\Users\hp\Local Sites\customplugin\app\public\wp-settings.php(700): do_action('init')
#3 C:\Users\hp\Local Sites\customplugin\app\public\wp-config.php(115): require_once('C:\\Users\\hp\\Loc...')
#4 C:\Users\hp\Local Sites\customplugin\app\public\wp-load.php(50): require_once('C:\\Users\\hp\\Loc...')
#5 C:\Users\hp\Local Sites\customplugin\app\public\wp-admin\admin.php(34): require_once('C:\\Users\\hp\\Loc...')
#6 C:\Users\hp\Local Sites\customplugin\app\public\wp-admin\plugins.php(10): require_once('C:\\Users\\hp\\Loc...')
#7 {main}
  thrown in C:\Users\hp\Local Sites\customplugin\app\public\wp-includes\class-wp-hook.php on line 324
[29-Jul-2024 09:27:04 UTC] PHP Fatal error:  Uncaught TypeError: call_user_func_array(): Argument #1 ($callback) must be a valid callback, second array member is not a valid method in C:\Users\hp\Local Sites\customplugin\app\public\wp-includes\class-wp-hook.php:324
Stack trace:
#0 C:\Users\hp\Local Sites\customplugin\app\public\wp-includes\class-wp-hook.php(348): WP_Hook->apply_filters(NULL, Array)
#1 C:\Users\hp\Local Sites\customplugin\app\public\wp-includes\plugin.php(517): WP_Hook->do_action(Array)
#2 C:\Users\hp\Local Sites\customplugin\app\public\wp-settings.php(700): do_action('init')
#3 C:\Users\hp\Local Sites\customplugin\app\public\wp-config.php(115): require_once('C:\\Users\\hp\\Loc...')
#4 C:\Users\hp\Local Sites\customplugin\app\public\wp-load.php(50): require_once('C:\\Users\\hp\\Loc...')
#5 C:\Users\hp\Local Sites\customplugin\app\public\wp-blog-header.php(13): require_once('C:\\Users\\hp\\Loc...')
#6 C:\Users\hp\Local Sites\customplugin\app\public\index.php(17): require('C:\\Users\\hp\\Loc...')
#7 {main}
  thrown in C:\Users\hp\Local Sites\customplugin\app\public\wp-includes\class-wp-hook.php on line 324
[29-Jul-2024 09:39:50 UTC] PHP Fatal error:  Uncaught TypeError: call_user_func_array(): Argument #1 ($callback) must be a valid callback, class Wp_Book_Admin does not have a method "create_book_hierarchical_taxonomy" in C:\Users\hp\Local Sites\customplugin\app\public\wp-includes\class-wp-hook.php:324
Stack trace:
#0 C:\Users\hp\Local Sites\customplugin\app\public\wp-includes\class-wp-hook.php(348): WP_Hook->apply_filters(NULL, Array)
#1 C:\Users\hp\Local Sites\customplugin\app\public\wp-includes\plugin.php(517): WP_Hook->do_action(Array)
#2 C:\Users\hp\Local Sites\customplugin\app\public\wp-settings.php(700): do_action('init')
#3 C:\Users\hp\Local Sites\customplugin\app\public\wp-config.php(115): require_once('C:\\Users\\hp\\Loc...')
#4 C:\Users\hp\Local Sites\customplugin\app\public\wp-load.php(50): require_once('C:\\Users\\hp\\Loc...')
#5 C:\Users\hp\Local Sites\customplugin\app\public\wp-admin\admin-ajax.php(22): require_once('C:\\Users\\hp\\Loc...')
#6 {main}
  thrown in C:\Users\hp\Local Sites\customplugin\app\public\wp-includes\class-wp-hook.php on line 324
[29-Jul-2024 09:41:51 UTC] PHP Fatal error:  Uncaught TypeError: call_user_func_array(): Argument #1 ($callback) must be a valid callback, class Wp_Book_Admin does not have a method "create_book_hierarchical_taxonomy" in C:\Users\hp\Local Sites\customplugin\app\public\wp-includes\class-wp-hook.php:324
Stack trace:
#0 C:\Users\hp\Local Sites\customplugin\app\public\wp-includes\class-wp-hook.php(348): WP_Hook->apply_filters(NULL, Array)
#1 C:\Users\hp\Local Sites\customplugin\app\public\wp-includes\plugin.php(517): WP_Hook->do_action(Array)
#2 C:\Users\hp\Local Sites\customplugin\app\public\wp-settings.php(700): do_action('init')
#3 C:\Users\hp\Local Sites\customplugin\app\public\wp-config.php(115): require_once('C:\\Users\\hp\\Loc...')
#4 C:\Users\hp\Local Sites\customplugin\app\public\wp-load.php(50): require_once('C:\\Users\\hp\\Loc...')
#5 C:\Users\hp\Local Sites\customplugin\app\public\wp-admin\admin-ajax.php(22): require_once('C:\\Users\\hp\\Loc...')
#6 {main}
  thrown in C:\Users\hp\Local Sites\customplugin\app\public\wp-includes\class-wp-hook.php on line 324
[29-Jul-2024 12:22:23 UTC] PHP Fatal error:  Uncaught ArgumentCountError: Too few arguments to function Wp_Book_Loader::add_action(), 2 passed in C:\Users\hp\Local Sites\customplugin\app\public\wp-content\plugins\wp-book\includes\class-wp-book.php on line 162 and at least 3 expected in C:\Users\hp\Local Sites\customplugin\app\public\wp-content\plugins\wp-book\includes\class-wp-book-loader.php:66
Stack trace:
#0 C:\Users\hp\Local Sites\customplugin\app\public\wp-content\plugins\wp-book\includes\class-wp-book.php(162): Wp_Book_Loader->add_action('add_meta_boxes', 'add_custom_meta...')
#1 C:\Users\hp\Local Sites\customplugin\app\public\wp-content\plugins\wp-book\includes\class-wp-book.php(79): Wp_Book->define_admin_hooks()
#2 C:\Users\hp\Local Sites\customplugin\app\public\wp-content\plugins\wp-book\wp-book.php(78): Wp_Book->__construct()
#3 C:\Users\hp\Local Sites\customplugin\app\public\wp-content\plugins\wp-book\wp-book.php(82): run_wp_book()
#4 C:\Users\hp\Local Sites\customplugin\app\public\wp-settings.php(522): include_once('C:\\Users\\hp\\Loc...')
#5 C:\Users\hp\Local Sites\customplugin\app\public\wp-config.php(115): require_once('C:\\Users\\hp\\Loc...')
#6 C:\Users\hp\Local Sites\customplugin\app\public\wp-load.php(50): require_once('C:\\Users\\hp\\Loc...')
#7 C:\Users\hp\Local Sites\customplugin\app\public\wp-admin\admin-ajax.php(22): require_once('C:\\Users\\hp\\Loc...')
#8 {main}
  thrown in C:\Users\hp\Local Sites\customplugin\app\public\wp-content\plugins\wp-book\includes\class-wp-book-loader.php on line 66
[29-Jul-2024 12:22:25 UTC] PHP Fatal error:  Uncaught ArgumentCountError: Too few arguments to function Wp_Book_Loader::add_action(), 2 passed in C:\Users\hp\Local Sites\customplugin\app\public\wp-content\plugins\wp-book\includes\class-wp-book.php on line 162 and at least 3 expected in C:\Users\hp\Local Sites\customplugin\app\public\wp-content\plugins\wp-book\includes\class-wp-book-loader.php:66
Stack trace:
#0 C:\Users\hp\Local Sites\customplugin\app\public\wp-content\plugins\wp-book\includes\class-wp-book.php(162): Wp_Book_Loader->add_action('add_meta_boxes', 'add_custom_meta...')
#1 C:\Users\hp\Local Sites\customplugin\app\public\wp-content\plugins\wp-book\includes\class-wp-book.php(79): Wp_Book->define_admin_hooks()
#2 C:\Users\hp\Local Sites\customplugin\app\public\wp-content\plugins\wp-book\wp-book.php(78): Wp_Book->__construct()
#3 C:\Users\hp\Local Sites\customplugin\app\public\wp-content\plugins\wp-book\wp-book.php(82): run_wp_book()
#4 C:\Users\hp\Local Sites\customplugin\app\public\wp-settings.php(522): include_once('C:\\Users\\hp\\Loc...')
#5 C:\Users\hp\Local Sites\customplugin\app\public\wp-config.php(115): require_once('C:\\Users\\hp\\Loc...')
#6 C:\Users\hp\Local Sites\customplugin\app\public\wp-load.php(50): require_once('C:\\Users\\hp\\Loc...')
#7 C:\Users\hp\Local Sites\customplugin\app\public\wp-admin\admin.php(34): require_once('C:\\Users\\hp\\Loc...')
#8 C:\Users\hp\Local Sites\customplugin\app\public\wp-admin\edit-tags.php(10): require_once('C:\\Users\\hp\\Loc...')
#9 {main}
  thrown in C:\Users\hp\Local Sites\customplugin\app\public\wp-content\plugins\wp-book\includes\class-wp-book-loader.php on line 66
[29-Jul-2024 12:22:26 UTC] PHP Fatal error:  Uncaught ArgumentCountError: Too few arguments to function Wp_Book_Loader::add_action(), 2 passed in C:\Users\hp\Local Sites\customplugin\app\public\wp-content\plugins\wp-book\includes\class-wp-book.php on line 162 and at least 3 expected in C:\Users\hp\Local Sites\customplugin\app\public\wp-content\plugins\wp-book\includes\class-wp-book-loader.php:66
Stack trace:
#0 C:\Users\hp\Local Sites\customplugin\app\public\wp-content\plugins\wp-book\includes\class-wp-book.php(162): Wp_Book_Loader->add_action('add_meta_boxes', 'add_custom_meta...')
#1 C:\Users\hp\Local Sites\customplugin\app\public\wp-content\plugins\wp-book\includes\class-wp-book.php(79): Wp_Book->define_admin_hooks()
#2 C:\Users\hp\Local Sites\customplugin\app\public\wp-content\plugins\wp-book\wp-book.php(78): Wp_Book->__construct()
#3 C:\Users\hp\Local Sites\customplugin\app\public\wp-content\plugins\wp-book\wp-book.php(82): run_wp_book()
#4 C:\Users\hp\Local Sites\customplugin\app\public\wp-settings.php(522): include_once('C:\\Users\\hp\\Loc...')
#5 C:\Users\hp\Local Sites\customplugin\app\public\wp-config.php(115): require_once('C:\\Users\\hp\\Loc...')
#6 C:\Users\hp\Local Sites\customplugin\app\public\wp-load.php(50): require_once('C:\\Users\\hp\\Loc...')
#7 C:\Users\hp\Local Sites\customplugin\app\public\wp-blog-header.php(13): require_once('C:\\Users\\hp\\Loc...')
#8 C:\Users\hp\Local Sites\customplugin\app\public\index.php(17): require('C:\\Users\\hp\\Loc...')
#9 {main}
  thrown in C:\Users\hp\Local Sites\customplugin\app\public\wp-content\plugins\wp-book\includes\class-wp-book-loader.php on line 66
[29-Jul-2024 12:23:12 UTC] PHP Fatal error:  Uncaught TypeError: call_user_func_array(): Argument #1 ($callback) must be a valid callback, function "add_custom_meta_box" not found or invalid function name in C:\Users\hp\Local Sites\customplugin\app\public\wp-includes\class-wp-hook.php:326
Stack trace:
#0 C:\Users\hp\Local Sites\customplugin\app\public\wp-includes\class-wp-hook.php(348): WP_Hook->apply_filters('', Array)
#1 C:\Users\hp\Local Sites\customplugin\app\public\wp-includes\plugin.php(517): WP_Hook->do_action(Array)
#2 C:\Users\hp\Local Sites\customplugin\app\public\wp-admin\includes\meta-boxes.php(1716): do_action('add_meta_boxes', 'books', Object(WP_Post))
#3 C:\Users\hp\Local Sites\customplugin\app\public\wp-admin\edit-form-blocks.php(279): register_and_do_post_meta_boxes(Object(WP_Post))
#4 C:\Users\hp\Local Sites\customplugin\app\public\wp-admin\post-new.php(72): require('C:\\Users\\hp\\Loc...')
#5 {main}
  thrown in C:\Users\hp\Local Sites\customplugin\app\public\wp-includes\class-wp-hook.php on line 326
[29-Jul-2024 12:23:18 UTC] PHP Fatal error:  Uncaught TypeError: call_user_func_array(): Argument #1 ($callback) must be a valid callback, function "add_custom_meta_box" not found or invalid function name in C:\Users\hp\Local Sites\customplugin\app\public\wp-includes\class-wp-hook.php:326
Stack trace:
#0 C:\Users\hp\Local Sites\customplugin\app\public\wp-includes\class-wp-hook.php(348): WP_Hook->apply_filters('', Array)
#1 C:\Users\hp\Local Sites\customplugin\app\public\wp-includes\plugin.php(517): WP_Hook->do_action(Array)
#2 C:\Users\hp\Local Sites\customplugin\app\public\wp-admin\includes\meta-boxes.php(1716): do_action('add_meta_boxes', 'books', Object(WP_Post))
#3 C:\Users\hp\Local Sites\customplugin\app\public\wp-admin\edit-form-blocks.php(279): register_and_do_post_meta_boxes(Object(WP_Post))
#4 C:\Users\hp\Local Sites\customplugin\app\public\wp-admin\post-new.php(72): require('C:\\Users\\hp\\Loc...')
#5 {main}
  thrown in C:\Users\hp\Local Sites\customplugin\app\public\wp-includes\class-wp-hook.php on line 326
[29-Jul-2024 12:24:26 UTC] PHP Fatal error:  Uncaught TypeError: call_user_func_array(): Argument #1 ($callback) must be a valid callback, function "add_custom_meta_box" not found or invalid function name in C:\Users\hp\Local Sites\customplugin\app\public\wp-includes\class-wp-hook.php:326
Stack trace:
#0 C:\Users\hp\Local Sites\customplugin\app\public\wp-includes\class-wp-hook.php(348): WP_Hook->apply_filters('', Array)
#1 C:\Users\hp\Local Sites\customplugin\app\public\wp-includes\plugin.php(517): WP_Hook->do_action(Array)
#2 C:\Users\hp\Local Sites\customplugin\app\public\wp-admin\includes\meta-boxes.php(1716): do_action('add_meta_boxes', 'books', Object(WP_Post))
#3 C:\Users\hp\Local Sites\customplugin\app\public\wp-admin\edit-form-blocks.php(279): register_and_do_post_meta_boxes(Object(WP_Post))
#4 C:\Users\hp\Local Sites\customplugin\app\public\wp-admin\post-new.php(72): require('C:\\Users\\hp\\Loc...')
#5 {main}
  thrown in C:\Users\hp\Local Sites\customplugin\app\public\wp-includes\class-wp-hook.php on line 326
[29-Jul-2024 12:25:47 UTC] PHP Fatal error:  Uncaught ArgumentCountError: Too few arguments to function Wp_Book_Loader::add_action(), 2 passed in C:\Users\hp\Local Sites\customplugin\app\public\wp-content\plugins\wp-book\includes\class-wp-book.php on line 162 and at least 3 expected in C:\Users\hp\Local Sites\customplugin\app\public\wp-content\plugins\wp-book\includes\class-wp-book-loader.php:66
Stack trace:
#0 C:\Users\hp\Local Sites\customplugin\app\public\wp-content\plugins\wp-book\includes\class-wp-book.php(162): Wp_Book_Loader->add_action('add_meta_boxe', 'add_custom_meta...')
#1 C:\Users\hp\Local Sites\customplugin\app\public\wp-content\plugins\wp-book\includes\class-wp-book.php(79): Wp_Book->define_admin_hooks()
#2 C:\Users\hp\Local Sites\customplugin\app\public\wp-content\plugins\wp-book\wp-book.php(78): Wp_Book->__construct()
#3 C:\Users\hp\Local Sites\customplugin\app\public\wp-content\plugins\wp-book\wp-book.php(82): run_wp_book()
#4 C:\Users\hp\Local Sites\customplugin\app\public\wp-settings.php(522): include_once('C:\\Users\\hp\\Loc...')
#5 C:\Users\hp\Local Sites\customplugin\app\public\wp-config.php(115): require_once('C:\\Users\\hp\\Loc...')
#6 C:\Users\hp\Local Sites\customplugin\app\public\wp-load.php(50): require_once('C:\\Users\\hp\\Loc...')
#7 C:\Users\hp\Local Sites\customplugin\app\public\wp-admin\admin.php(34): require_once('C:\\Users\\hp\\Loc...')
#8 C:\Users\hp\Local Sites\customplugin\app\public\wp-admin\post-new.php(10): require_once('C:\\Users\\hp\\Loc...')
#9 {main}
  thrown in C:\Users\hp\Local Sites\customplugin\app\public\wp-content\plugins\wp-book\includes\class-wp-book-loader.php on line 66
[29-Jul-2024 12:25:47 UTC] PHP Fatal error:  Uncaught ArgumentCountError: Too few arguments to function Wp_Book_Loader::add_action(), 2 passed in C:\Users\hp\Local Sites\customplugin\app\public\wp-content\plugins\wp-book\includes\class-wp-book.php on line 162 and at least 3 expected in C:\Users\hp\Local Sites\customplugin\app\public\wp-content\plugins\wp-book\includes\class-wp-book-loader.php:66
Stack trace:
#0 C:\Users\hp\Local Sites\customplugin\app\public\wp-content\plugins\wp-book\includes\class-wp-book.php(162): Wp_Book_Loader->add_action('add_meta_boxe', 'add_custom_meta...')
#1 C:\Users\hp\Local Sites\customplugin\app\public\wp-content\plugins\wp-book\includes\class-wp-book.php(79): Wp_Book->define_admin_hooks()
#2 C:\Users\hp\Local Sites\customplugin\app\public\wp-content\plugins\wp-book\wp-book.php(78): Wp_Book->__construct()
#3 C:\Users\hp\Local Sites\customplugin\app\public\wp-content\plugins\wp-book\wp-book.php(82): run_wp_book()
#4 C:\Users\hp\Local Sites\customplugin\app\public\wp-settings.php(522): include_once('C:\\Users\\hp\\Loc...')
#5 C:\Users\hp\Local Sites\customplugin\app\public\wp-config.php(115): require_once('C:\\Users\\hp\\Loc...')
#6 C:\Users\hp\Local Sites\customplugin\app\public\wp-load.php(50): require_once('C:\\Users\\hp\\Loc...')
#7 C:\Users\hp\Local Sites\customplugin\app\public\wp-admin\admin-ajax.php(22): require_once('C:\\Users\\hp\\Loc...')
#8 {main}
  thrown in C:\Users\hp\Local Sites\customplugin\app\public\wp-content\plugins\wp-book\includes\class-wp-book-loader.php on line 66
[29-Jul-2024 12:25:47 UTC] PHP Fatal error:  Uncaught ArgumentCountError: Too few arguments to function Wp_Book_Loader::add_action(), 2 passed in C:\Users\hp\Local Sites\customplugin\app\public\wp-content\plugins\wp-book\includes\class-wp-book.php on line 162 and at least 3 expected in C:\Users\hp\Local Sites\customplugin\app\public\wp-content\plugins\wp-book\includes\class-wp-book-loader.php:66
Stack trace:
#0 C:\Users\hp\Local Sites\customplugin\app\public\wp-content\plugins\wp-book\includes\class-wp-book.php(162): Wp_Book_Loader->add_action('add_meta_boxe', 'add_custom_meta...')
#1 C:\Users\hp\Local Sites\customplugin\app\public\wp-content\plugins\wp-book\includes\class-wp-book.php(79): Wp_Book->define_admin_hooks()
#2 C:\Users\hp\Local Sites\customplugin\app\public\wp-content\plugins\wp-book\wp-book.php(78): Wp_Book->__construct()
#3 C:\Users\hp\Local Sites\customplugin\app\public\wp-content\plugins\wp-book\wp-book.php(82): run_wp_book()
#4 C:\Users\hp\Local Sites\customplugin\app\public\wp-settings.php(522): include_once('C:\\Users\\hp\\Loc...')
#5 C:\Users\hp\Local Sites\customplugin\app\public\wp-config.php(115): require_once('C:\\Users\\hp\\Loc...')
#6 C:\Users\hp\Local Sites\customplugin\app\public\wp-load.php(50): require_once('C:\\Users\\hp\\Loc...')
#7 C:\Users\hp\Local Sites\customplugin\app\public\wp-blog-header.php(13): require_once('C:\\Users\\hp\\Loc...')
#8 C:\Users\hp\Local Sites\customplugin\app\public\index.php(17): require('C:\\Users\\hp\\Loc...')
#9 {main}
  thrown in C:\Users\hp\Local Sites\customplugin\app\public\wp-content\plugins\wp-book\includes\class-wp-book-loader.php on line 66
[29-Jul-2024 12:25:51 UTC] PHP Fatal error:  Uncaught ArgumentCountError: Too few arguments to function Wp_Book_Loader::add_action(), 2 passed in C:\Users\hp\Local Sites\customplugin\app\public\wp-content\plugins\wp-book\includes\class-wp-book.php on line 162 and at least 3 expected in C:\Users\hp\Local Sites\customplugin\app\public\wp-content\plugins\wp-book\includes\class-wp-book-loader.php:66
Stack trace:
#0 C:\Users\hp\Local Sites\customplugin\app\public\wp-content\plugins\wp-book\includes\class-wp-book.php(162): Wp_Book_Loader->add_action('add_meta_boxe', 'add_custom_meta...')
#1 C:\Users\hp\Local Sites\customplugin\app\public\wp-content\plugins\wp-book\includes\class-wp-book.php(79): Wp_Book->define_admin_hooks()
#2 C:\Users\hp\Local Sites\customplugin\app\public\wp-content\plugins\wp-book\wp-book.php(78): Wp_Book->__construct()
#3 C:\Users\hp\Local Sites\customplugin\app\public\wp-content\plugins\wp-book\wp-book.php(82): run_wp_book()
#4 C:\Users\hp\Local Sites\customplugin\app\public\wp-settings.php(522): include_once('C:\\Users\\hp\\Loc...')
#5 C:\Users\hp\Local Sites\customplugin\app\public\wp-config.php(115): require_once('C:\\Users\\hp\\Loc...')
#6 C:\Users\hp\Local Sites\customplugin\app\public\wp-load.php(50): require_once('C:\\Users\\hp\\Loc...')
#7 C:\Users\hp\Local Sites\customplugin\app\public\wp-admin\admin.php(34): require_once('C:\\Users\\hp\\Loc...')
#8 C:\Users\hp\Local Sites\customplugin\app\public\wp-admin\post-new.php(10): require_once('C:\\Users\\hp\\Loc...')
#9 {main}
  thrown in C:\Users\hp\Local Sites\customplugin\app\public\wp-content\plugins\wp-book\includes\class-wp-book-loader.php on line 66
[29-Jul-2024 12:25:51 UTC] PHP Fatal error:  Uncaught ArgumentCountError: Too few arguments to function Wp_Book_Loader::add_action(), 2 passed in C:\Users\hp\Local Sites\customplugin\app\public\wp-content\plugins\wp-book\includes\class-wp-book.php on line 162 and at least 3 expected in C:\Users\hp\Local Sites\customplugin\app\public\wp-content\plugins\wp-book\includes\class-wp-book-loader.php:66
Stack trace:
#0 C:\Users\hp\Local Sites\customplugin\app\public\wp-content\plugins\wp-book\includes\class-wp-book.php(162): Wp_Book_Loader->add_action('add_meta_boxe', 'add_custom_meta...')
#1 C:\Users\hp\Local Sites\customplugin\app\public\wp-content\plugins\wp-book\includes\class-wp-book.php(79): Wp_Book->define_admin_hooks()
#2 C:\Users\hp\Local Sites\customplugin\app\public\wp-content\plugins\wp-book\wp-book.php(78): Wp_Book->__construct()
#3 C:\Users\hp\Local Sites\customplugin\app\public\wp-content\plugins\wp-book\wp-book.php(82): run_wp_book()
#4 C:\Users\hp\Local Sites\customplugin\app\public\wp-settings.php(522): include_once('C:\\Users\\hp\\Loc...')
#5 C:\Users\hp\Local Sites\customplugin\app\public\wp-config.php(115): require_once('C:\\Users\\hp\\Loc...')
#6 C:\Users\hp\Local Sites\customplugin\app\public\wp-load.php(50): require_once('C:\\Users\\hp\\Loc...')
#7 C:\Users\hp\Local Sites\customplugin\app\public\wp-blog-header.php(13): require_once('C:\\Users\\hp\\Loc...')
#8 C:\Users\hp\Local Sites\customplugin\app\public\index.php(17): require('C:\\Users\\hp\\Loc...')
#9 {main}
  thrown in C:\Users\hp\Local Sites\customplugin\app\public\wp-content\plugins\wp-book\includes\class-wp-book-loader.php on line 66
[30-Jul-2024 04:22:04 UTC] PHP Warning:  mysqli_real_connect(): (HY000/2002): No connection could be made because the target machine actively refused it in C:\Users\hp\Local Sites\customplugin\app\public\wp-includes\class-wpdb.php on line 1982
[30-Jul-2024 04:22:44 UTC] PHP Warning:  mysqli_real_connect(): (HY000/2002): No connection could be made because the target machine actively refused it in C:\Users\hp\Local Sites\customplugin\app\public\wp-includes\class-wpdb.php on line 1982
[30-Jul-2024 04:22:44 UTC] PHP Warning:  mysqli_real_connect(): (HY000/2002): No connection could be made because the target machine actively refused it in C:\Users\hp\Local Sites\customplugin\app\public\wp-includes\class-wpdb.php on line 1982
[30-Jul-2024 04:23:27 UTC] Cron reschedule event error for hook: wp_privacy_delete_old_export_files, Error code: could_not_set, Error message: The cron event list could not be saved., Data: {"schedule":"hourly","args":[],"interval":3600}
[30-Jul-2024 04:42:45 UTC] PHP Fatal error:  Uncaught ArgumentCountError: Too few arguments to function Wp_Book_Loader::add_action(), 2 passed in C:\Users\hp\Local Sites\customplugin\app\public\wp-content\plugins\wp-book\includes\class-wp-book.php on line 162 and at least 3 expected in C:\Users\hp\Local Sites\customplugin\app\public\wp-content\plugins\wp-book\includes\class-wp-book-loader.php:66
Stack trace:
#0 C:\Users\hp\Local Sites\customplugin\app\public\wp-content\plugins\wp-book\includes\class-wp-book.php(162): Wp_Book_Loader->add_action('load-post.php', 'smashing_post_m...')
#1 C:\Users\hp\Local Sites\customplugin\app\public\wp-content\plugins\wp-book\includes\class-wp-book.php(79): Wp_Book->define_admin_hooks()
#2 C:\Users\hp\Local Sites\customplugin\app\public\wp-content\plugins\wp-book\wp-book.php(78): Wp_Book->__construct()
#3 C:\Users\hp\Local Sites\customplugin\app\public\wp-content\plugins\wp-book\wp-book.php(82): run_wp_book()
#4 C:\Users\hp\Local Sites\customplugin\app\public\wp-settings.php(522): include_once('C:\\Users\\hp\\Loc...')
#5 C:\Users\hp\Local Sites\customplugin\app\public\wp-config.php(115): require_once('C:\\Users\\hp\\Loc...')
#6 C:\Users\hp\Local Sites\customplugin\app\public\wp-load.php(50): require_once('C:\\Users\\hp\\Loc...')
#7 C:\Users\hp\Local Sites\customplugin\app\public\wp-admin\admin-ajax.php(22): require_once('C:\\Users\\hp\\Loc...')
#8 {main}
  thrown in C:\Users\hp\Local Sites\customplugin\app\public\wp-content\plugins\wp-book\includes\class-wp-book-loader.php on line 66
[30-Jul-2024 04:47:57 UTC] PHP Fatal error:  Uncaught ArgumentCountError: Too few arguments to function Wp_Book_Loader::add_action(), 2 passed in C:\Users\hp\Local Sites\customplugin\app\public\wp-content\plugins\wp-book\includes\class-wp-book.php on line 162 and at least 3 expected in C:\Users\hp\Local Sites\customplugin\app\public\wp-content\plugins\wp-book\includes\class-wp-book-loader.php:66
Stack trace:
#0 C:\Users\hp\Local Sites\customplugin\app\public\wp-content\plugins\wp-book\includes\class-wp-book.php(162): Wp_Book_Loader->add_action('load-post.php', 'post_meta_boxes...')
#1 C:\Users\hp\Local Sites\customplugin\app\public\wp-content\plugins\wp-book\includes\class-wp-book.php(79): Wp_Book->define_admin_hooks()
#2 C:\Users\hp\Local Sites\customplugin\app\public\wp-content\plugins\wp-book\wp-book.php(78): Wp_Book->__construct()
#3 C:\Users\hp\Local Sites\customplugin\app\public\wp-content\plugins\wp-book\wp-book.php(82): run_wp_book()
#4 C:\Users\hp\Local Sites\customplugin\app\public\wp-settings.php(522): include_once('C:\\Users\\hp\\Loc...')
#5 C:\Users\hp\Local Sites\customplugin\app\public\wp-config.php(115): require_once('C:\\Users\\hp\\Loc...')
#6 C:\Users\hp\Local Sites\customplugin\app\public\wp-load.php(50): require_once('C:\\Users\\hp\\Loc...')
#7 C:\Users\hp\Local Sites\customplugin\app\public\wp-admin\admin-ajax.php(22): require_once('C:\\Users\\hp\\Loc...')
#8 {main}
  thrown in C:\Users\hp\Local Sites\customplugin\app\public\wp-content\plugins\wp-book\includes\class-wp-book-loader.php on line 66
[30-Jul-2024 04:47:59 UTC] PHP Fatal error:  Uncaught ArgumentCountError: Too few arguments to function Wp_Book_Loader::add_action(), 2 passed in C:\Users\hp\Local Sites\customplugin\app\public\wp-content\plugins\wp-book\includes\class-wp-book.php on line 162 and at least 3 expected in C:\Users\hp\Local Sites\customplugin\app\public\wp-content\plugins\wp-book\includes\class-wp-book-loader.php:66
Stack trace:
#0 C:\Users\hp\Local Sites\customplugin\app\public\wp-content\plugins\wp-book\includes\class-wp-book.php(162): Wp_Book_Loader->add_action('load-post.php', 'post_meta_boxes...')
#1 C:\Users\hp\Local Sites\customplugin\app\public\wp-content\plugins\wp-book\includes\class-wp-book.php(79): Wp_Book->define_admin_hooks()
#2 C:\Users\hp\Local Sites\customplugin\app\public\wp-content\plugins\wp-book\wp-book.php(78): Wp_Book->__construct()
#3 C:\Users\hp\Local Sites\customplugin\app\public\wp-content\plugins\wp-book\wp-book.php(82): run_wp_book()
#4 C:\Users\hp\Local Sites\customplugin\app\public\wp-settings.php(522): include_once('C:\\Users\\hp\\Loc...')
#5 C:\Users\hp\Local Sites\customplugin\app\public\wp-config.php(115): require_once('C:\\Users\\hp\\Loc...')
#6 C:\Users\hp\Local Sites\customplugin\app\public\wp-load.php(50): require_once('C:\\Users\\hp\\Loc...')
#7 C:\Users\hp\Local Sites\customplugin\app\public\wp-admin\admin.php(34): require_once('C:\\Users\\hp\\Loc...')
#8 C:\Users\hp\Local Sites\customplugin\app\public\wp-admin\edit.php(10): require_once('C:\\Users\\hp\\Loc...')
#9 {main}
  thrown in C:\Users\hp\Local Sites\customplugin\app\public\wp-content\plugins\wp-book\includes\class-wp-book-loader.php on line 66
[30-Jul-2024 04:47:59 UTC] PHP Fatal error:  Uncaught ArgumentCountError: Too few arguments to function Wp_Book_Loader::add_action(), 2 passed in C:\Users\hp\Local Sites\customplugin\app\public\wp-content\plugins\wp-book\includes\class-wp-book.php on line 162 and at least 3 expected in C:\Users\hp\Local Sites\customplugin\app\public\wp-content\plugins\wp-book\includes\class-wp-book-loader.php:66
Stack trace:
#0 C:\Users\hp\Local Sites\customplugin\app\public\wp-content\plugins\wp-book\includes\class-wp-book.php(162): Wp_Book_Loader->add_action('load-post.php', 'post_meta_boxes...')
#1 C:\Users\hp\Local Sites\customplugin\app\public\wp-content\plugins\wp-book\includes\class-wp-book.php(79): Wp_Book->define_admin_hooks()
#2 C:\Users\hp\Local Sites\customplugin\app\public\wp-content\plugins\wp-book\wp-book.php(78): Wp_Book->__construct()
#3 C:\Users\hp\Local Sites\customplugin\app\public\wp-content\plugins\wp-book\wp-book.php(82): run_wp_book()
#4 C:\Users\hp\Local Sites\customplugin\app\public\wp-settings.php(522): include_once('C:\\Users\\hp\\Loc...')
#5 C:\Users\hp\Local Sites\customplugin\app\public\wp-config.php(115): require_once('C:\\Users\\hp\\Loc...')
#6 C:\Users\hp\Local Sites\customplugin\app\public\wp-load.php(50): require_once('C:\\Users\\hp\\Loc...')
#7 C:\Users\hp\Local Sites\customplugin\app\public\wp-blog-header.php(13): require_once('C:\\Users\\hp\\Loc...')
#8 C:\Users\hp\Local Sites\customplugin\app\public\index.php(17): require('C:\\Users\\hp\\Loc...')
#9 {main}
  thrown in C:\Users\hp\Local Sites\customplugin\app\public\wp-content\plugins\wp-book\includes\class-wp-book-loader.php on line 66
[30-Jul-2024 04:50:57 UTC] PHP Fatal error:  Uncaught ArgumentCountError: Too few arguments to function Wp_Book_Loader::add_action(), 2 passed in C:\Users\hp\Local Sites\customplugin\app\public\wp-content\plugins\wp-book\includes\class-wp-book.php on line 162 and at least 3 expected in C:\Users\hp\Local Sites\customplugin\app\public\wp-content\plugins\wp-book\includes\class-wp-book-loader.php:66
Stack trace:
#0 C:\Users\hp\Local Sites\customplugin\app\public\wp-content\plugins\wp-book\includes\class-wp-book.php(162): Wp_Book_Loader->add_action('load-post.php', 'smashing_post_m...')
#1 C:\Users\hp\Local Sites\customplugin\app\public\wp-content\plugins\wp-book\includes\class-wp-book.php(79): Wp_Book->define_admin_hooks()
#2 C:\Users\hp\Local Sites\customplugin\app\public\wp-content\plugins\wp-book\wp-book.php(78): Wp_Book->__construct()
#3 C:\Users\hp\Local Sites\customplugin\app\public\wp-content\plugins\wp-book\wp-book.php(82): run_wp_book()
#4 C:\Users\hp\Local Sites\customplugin\app\public\wp-settings.php(522): include_once('C:\\Users\\hp\\Loc...')
#5 C:\Users\hp\Local Sites\customplugin\app\public\wp-config.php(115): require_once('C:\\Users\\hp\\Loc...')
#6 C:\Users\hp\Local Sites\customplugin\app\public\wp-load.php(50): require_once('C:\\Users\\hp\\Loc...')
#7 C:\Users\hp\Local Sites\customplugin\app\public\wp-admin\admin.php(34): require_once('C:\\Users\\hp\\Loc...')
#8 C:\Users\hp\Local Sites\customplugin\app\public\wp-admin\edit.php(10): require_once('C:\\Users\\hp\\Loc...')
#9 {main}
  thrown in C:\Users\hp\Local Sites\customplugin\app\public\wp-content\plugins\wp-book\includes\class-wp-book-loader.php on line 66
[30-Jul-2024 04:50:57 UTC] PHP Fatal error:  Uncaught ArgumentCountError: Too few arguments to function Wp_Book_Loader::add_action(), 2 passed in C:\Users\hp\Local Sites\customplugin\app\public\wp-content\plugins\wp-book\includes\class-wp-book.php on line 162 and at least 3 expected in C:\Users\hp\Local Sites\customplugin\app\public\wp-content\plugins\wp-book\includes\class-wp-book-loader.php:66
Stack trace:
#0 C:\Users\hp\Local Sites\customplugin\app\public\wp-content\plugins\wp-book\includes\class-wp-book.php(162): Wp_Book_Loader->add_action('load-post.php', 'smashing_post_m...')
#1 C:\Users\hp\Local Sites\customplugin\app\public\wp-content\plugins\wp-book\includes\class-wp-book.php(79): Wp_Book->define_admin_hooks()
#2 C:\Users\hp\Local Sites\customplugin\app\public\wp-content\plugins\wp-book\wp-book.php(78): Wp_Book->__construct()
#3 C:\Users\hp\Local Sites\customplugin\app\public\wp-content\plugins\wp-book\wp-book.php(82): run_wp_book()
#4 C:\Users\hp\Local Sites\customplugin\app\public\wp-settings.php(522): include_once('C:\\Users\\hp\\Loc...')
#5 C:\Users\hp\Local Sites\customplugin\app\public\wp-config.php(115): require_once('C:\\Users\\hp\\Loc...')
#6 C:\Users\hp\Local Sites\customplugin\app\public\wp-load.php(50): require_once('C:\\Users\\hp\\Loc...')
#7 C:\Users\hp\Local Sites\customplugin\app\public\wp-blog-header.php(13): require_once('C:\\Users\\hp\\Loc...')
#8 C:\Users\hp\Local Sites\customplugin\app\public\index.php(17): require('C:\\Users\\hp\\Loc...')
#9 {main}
  thrown in C:\Users\hp\Local Sites\customplugin\app\public\wp-content\plugins\wp-book\includes\class-wp-book-loader.php on line 66
[30-Jul-2024 04:51:00 UTC] PHP Fatal error:  Uncaught ArgumentCountError: Too few arguments to function Wp_Book_Loader::add_action(), 2 passed in C:\Users\hp\Local Sites\customplugin\app\public\wp-content\plugins\wp-book\includes\class-wp-book.php on line 162 and at least 3 expected in C:\Users\hp\Local Sites\customplugin\app\public\wp-content\plugins\wp-book\includes\class-wp-book-loader.php:66
Stack trace:
#0 C:\Users\hp\Local Sites\customplugin\app\public\wp-content\plugins\wp-book\includes\class-wp-book.php(162): Wp_Book_Loader->add_action('load-post.php', 'smashing_post_m...')
#1 C:\Users\hp\Local Sites\customplugin\app\public\wp-content\plugins\wp-book\includes\class-wp-book.php(79): Wp_Book->define_admin_hooks()
#2 C:\Users\hp\Local Sites\customplugin\app\public\wp-content\plugins\wp-book\wp-book.php(78): Wp_Book->__construct()
#3 C:\Users\hp\Local Sites\customplugin\app\public\wp-content\plugins\wp-book\wp-book.php(82): run_wp_book()
#4 C:\Users\hp\Local Sites\customplugin\app\public\wp-settings.php(522): include_once('C:\\Users\\hp\\Loc...')
#5 C:\Users\hp\Local Sites\customplugin\app\public\wp-config.php(115): require_once('C:\\Users\\hp\\Loc...')
#6 C:\Users\hp\Local Sites\customplugin\app\public\wp-load.php(50): require_once('C:\\Users\\hp\\Loc...')
#7 C:\Users\hp\Local Sites\customplugin\app\public\wp-admin\admin.php(34): require_once('C:\\Users\\hp\\Loc...')
#8 C:\Users\hp\Local Sites\customplugin\app\public\wp-admin\edit.php(10): require_once('C:\\Users\\hp\\Loc...')
#9 {main}
  thrown in C:\Users\hp\Local Sites\customplugin\app\public\wp-content\plugins\wp-book\includes\class-wp-book-loader.php on line 66
[30-Jul-2024 04:51:00 UTC] PHP Fatal error:  Uncaught ArgumentCountError: Too few arguments to function Wp_Book_Loader::add_action(), 2 passed in C:\Users\hp\Local Sites\customplugin\app\public\wp-content\plugins\wp-book\includes\class-wp-book.php on line 162 and at least 3 expected in C:\Users\hp\Local Sites\customplugin\app\public\wp-content\plugins\wp-book\includes\class-wp-book-loader.php:66
Stack trace:
#0 C:\Users\hp\Local Sites\customplugin\app\public\wp-content\plugins\wp-book\includes\class-wp-book.php(162): Wp_Book_Loader->add_action('load-post.php', 'smashing_post_m...')
#1 C:\Users\hp\Local Sites\customplugin\app\public\wp-content\plugins\wp-book\includes\class-wp-book.php(79): Wp_Book->define_admin_hooks()
#2 C:\Users\hp\Local Sites\customplugin\app\public\wp-content\plugins\wp-book\wp-book.php(78): Wp_Book->__construct()
#3 C:\Users\hp\Local Sites\customplugin\app\public\wp-content\plugins\wp-book\wp-book.php(82): run_wp_book()
#4 C:\Users\hp\Local Sites\customplugin\app\public\wp-settings.php(522): include_once('C:\\Users\\hp\\Loc...')
#5 C:\Users\hp\Local Sites\customplugin\app\public\wp-config.php(115): require_once('C:\\Users\\hp\\Loc...')
#6 C:\Users\hp\Local Sites\customplugin\app\public\wp-load.php(50): require_once('C:\\Users\\hp\\Loc...')
#7 C:\Users\hp\Local Sites\customplugin\app\public\wp-blog-header.php(13): require_once('C:\\Users\\hp\\Loc...')
#8 C:\Users\hp\Local Sites\customplugin\app\public\index.php(17): require('C:\\Users\\hp\\Loc...')
#9 {main}
  thrown in C:\Users\hp\Local Sites\customplugin\app\public\wp-content\plugins\wp-book\includes\class-wp-book-loader.php on line 66
[30-Jul-2024 04:51:01 UTC] PHP Fatal error:  Uncaught ArgumentCountError: Too few arguments to function Wp_Book_Loader::add_action(), 2 passed in C:\Users\hp\Local Sites\customplugin\app\public\wp-content\plugins\wp-book\includes\class-wp-book.php on line 162 and at least 3 expected in C:\Users\hp\Local Sites\customplugin\app\public\wp-content\plugins\wp-book\includes\class-wp-book-loader.php:66
Stack trace:
#0 C:\Users\hp\Local Sites\customplugin\app\public\wp-content\plugins\wp-book\includes\class-wp-book.php(162): Wp_Book_Loader->add_action('load-post.php', 'smashing_post_m...')
#1 C:\Users\hp\Local Sites\customplugin\app\public\wp-content\plugins\wp-book\includes\class-wp-book.php(79): Wp_Book->define_admin_hooks()
#2 C:\Users\hp\Local Sites\customplugin\app\public\wp-content\plugins\wp-book\wp-book.php(78): Wp_Book->__construct()
#3 C:\Users\hp\Local Sites\customplugin\app\public\wp-content\plugins\wp-book\wp-book.php(82): run_wp_book()
#4 C:\Users\hp\Local Sites\customplugin\app\public\wp-settings.php(522): include_once('C:\\Users\\hp\\Loc...')
#5 C:\Users\hp\Local Sites\customplugin\app\public\wp-config.php(115): require_once('C:\\Users\\hp\\Loc...')
#6 C:\Users\hp\Local Sites\customplugin\app\public\wp-load.php(50): require_once('C:\\Users\\hp\\Loc...')
#7 C:\Users\hp\Local Sites\customplugin\app\public\wp-admin\admin.php(34): require_once('C:\\Users\\hp\\Loc...')
#8 C:\Users\hp\Local Sites\customplugin\app\public\wp-admin\edit.php(10): require_once('C:\\Users\\hp\\Loc...')
#9 {main}
  thrown in C:\Users\hp\Local Sites\customplugin\app\public\wp-content\plugins\wp-book\includes\class-wp-book-loader.php on line 66
[30-Jul-2024 04:51:01 UTC] PHP Fatal error:  Uncaught ArgumentCountError: Too few arguments to function Wp_Book_Loader::add_action(), 2 passed in C:\Users\hp\Local Sites\customplugin\app\public\wp-content\plugins\wp-book\includes\class-wp-book.php on line 162 and at least 3 expected in C:\Users\hp\Local Sites\customplugin\app\public\wp-content\plugins\wp-book\includes\class-wp-book-loader.php:66
Stack trace:
#0 C:\Users\hp\Local Sites\customplugin\app\public\wp-content\plugins\wp-book\includes\class-wp-book.php(162): Wp_Book_Loader->add_action('load-post.php', 'smashing_post_m...')
#1 C:\Users\hp\Local Sites\customplugin\app\public\wp-content\plugins\wp-book\includes\class-wp-book.php(79): Wp_Book->define_admin_hooks()
#2 C:\Users\hp\Local Sites\customplugin\app\public\wp-content\plugins\wp-book\wp-book.php(78): Wp_Book->__construct()
#3 C:\Users\hp\Local Sites\customplugin\app\public\wp-content\plugins\wp-book\wp-book.php(82): run_wp_book()
#4 C:\Users\hp\Local Sites\customplugin\app\public\wp-settings.php(522): include_once('C:\\Users\\hp\\Loc...')
#5 C:\Users\hp\Local Sites\customplugin\app\public\wp-config.php(115): require_once('C:\\Users\\hp\\Loc...')
#6 C:\Users\hp\Local Sites\customplugin\app\public\wp-load.php(50): require_once('C:\\Users\\hp\\Loc...')
#7 C:\Users\hp\Local Sites\customplugin\app\public\wp-blog-header.php(13): require_once('C:\\Users\\hp\\Loc...')
#8 C:\Users\hp\Local Sites\customplugin\app\public\index.php(17): require('C:\\Users\\hp\\Loc...')
#9 {main}
  thrown in C:\Users\hp\Local Sites\customplugin\app\public\wp-content\plugins\wp-book\includes\class-wp-book-loader.php on line 66
[30-Jul-2024 04:51:02 UTC] PHP Fatal error:  Uncaught ArgumentCountError: Too few arguments to function Wp_Book_Loader::add_action(), 2 passed in C:\Users\hp\Local Sites\customplugin\app\public\wp-content\plugins\wp-book\includes\class-wp-book.php on line 162 and at least 3 expected in C:\Users\hp\Local Sites\customplugin\app\public\wp-content\plugins\wp-book\includes\class-wp-book-loader.php:66
Stack trace:
#0 C:\Users\hp\Local Sites\customplugin\app\public\wp-content\plugins\wp-book\includes\class-wp-book.php(162): Wp_Book_Loader->add_action('load-post.php', 'smashing_post_m...')
#1 C:\Users\hp\Local Sites\customplugin\app\public\wp-content\plugins\wp-book\includes\class-wp-book.php(79): Wp_Book->define_admin_hooks()
#2 C:\Users\hp\Local Sites\customplugin\app\public\wp-content\plugins\wp-book\wp-book.php(78): Wp_Book->__construct()
#3 C:\Users\hp\Local Sites\customplugin\app\public\wp-content\plugins\wp-book\wp-book.php(82): run_wp_book()
#4 C:\Users\hp\Local Sites\customplugin\app\public\wp-settings.php(522): include_once('C:\\Users\\hp\\Loc...')
#5 C:\Users\hp\Local Sites\customplugin\app\public\wp-config.php(115): require_once('C:\\Users\\hp\\Loc...')
#6 C:\Users\hp\Local Sites\customplugin\app\public\wp-load.php(50): require_once('C:\\Users\\hp\\Loc...')
#7 C:\Users\hp\Local Sites\customplugin\app\public\wp-admin\admin.php(34): require_once('C:\\Users\\hp\\Loc...')
#8 C:\Users\hp\Local Sites\customplugin\app\public\wp-admin\edit.php(10): require_once('C:\\Users\\hp\\Loc...')
#9 {main}
  thrown in C:\Users\hp\Local Sites\customplugin\app\public\wp-content\plugins\wp-book\includes\class-wp-book-loader.php on line 66
[30-Jul-2024 04:51:02 UTC] PHP Fatal error:  Uncaught ArgumentCountError: Too few arguments to function Wp_Book_Loader::add_action(), 2 passed in C:\Users\hp\Local Sites\customplugin\app\public\wp-content\plugins\wp-book\includes\class-wp-book.php on line 162 and at least 3 expected in C:\Users\hp\Local Sites\customplugin\app\public\wp-content\plugins\wp-book\includes\class-wp-book-loader.php:66
Stack trace:
#0 C:\Users\hp\Local Sites\customplugin\app\public\wp-content\plugins\wp-book\includes\class-wp-book.php(162): Wp_Book_Loader->add_action('load-post.php', 'smashing_post_m...')
#1 C:\Users\hp\Local Sites\customplugin\app\public\wp-content\plugins\wp-book\includes\class-wp-book.php(79): Wp_Book->define_admin_hooks()
#2 C:\Users\hp\Local Sites\customplugin\app\public\wp-content\plugins\wp-book\wp-book.php(78): Wp_Book->__construct()
#3 C:\Users\hp\Local Sites\customplugin\app\public\wp-content\plugins\wp-book\wp-book.php(82): run_wp_book()
#4 C:\Users\hp\Local Sites\customplugin\app\public\wp-settings.php(522): include_once('C:\\Users\\hp\\Loc...')
#5 C:\Users\hp\Local Sites\customplugin\app\public\wp-config.php(115): require_once('C:\\Users\\hp\\Loc...')
#6 C:\Users\hp\Local Sites\customplugin\app\public\wp-load.php(50): require_once('C:\\Users\\hp\\Loc...')
#7 C:\Users\hp\Local Sites\customplugin\app\public\wp-blog-header.php(13): require_once('C:\\Users\\hp\\Loc...')
#8 C:\Users\hp\Local Sites\customplugin\app\public\index.php(17): require('C:\\Users\\hp\\Loc...')
#9 {main}
  thrown in C:\Users\hp\Local Sites\customplugin\app\public\wp-content\plugins\wp-book\includes\class-wp-book-loader.php on line 66
[30-Jul-2024 04:51:03 UTC] PHP Fatal error:  Uncaught ArgumentCountError: Too few arguments to function Wp_Book_Loader::add_action(), 2 passed in C:\Users\hp\Local Sites\customplugin\app\public\wp-content\plugins\wp-book\includes\class-wp-book.php on line 162 and at least 3 expected in C:\Users\hp\Local Sites\customplugin\app\public\wp-content\plugins\wp-book\includes\class-wp-book-loader.php:66
Stack trace:
#0 C:\Users\hp\Local Sites\customplugin\app\public\wp-content\plugins\wp-book\includes\class-wp-book.php(162): Wp_Book_Loader->add_action('load-post.php', 'smashing_post_m...')
#1 C:\Users\hp\Local Sites\customplugin\app\public\wp-content\plugins\wp-book\includes\class-wp-book.php(79): Wp_Book->define_admin_hooks()
#2 C:\Users\hp\Local Sites\customplugin\app\public\wp-content\plugins\wp-book\wp-book.php(78): Wp_Book->__construct()
#3 C:\Users\hp\Local Sites\customplugin\app\public\wp-content\plugins\wp-book\wp-book.php(82): run_wp_book()
#4 C:\Users\hp\Local Sites\customplugin\app\public\wp-settings.php(522): include_once('C:\\Users\\hp\\Loc...')
#5 C:\Users\hp\Local Sites\customplugin\app\public\wp-config.php(115): require_once('C:\\Users\\hp\\Loc...')
#6 C:\Users\hp\Local Sites\customplugin\app\public\wp-load.php(50): require_once('C:\\Users\\hp\\Loc...')
#7 C:\Users\hp\Local Sites\customplugin\app\public\wp-admin\admin.php(34): require_once('C:\\Users\\hp\\Loc...')
#8 C:\Users\hp\Local Sites\customplugin\app\public\wp-admin\edit.php(10): require_once('C:\\Users\\hp\\Loc...')
#9 {main}
  thrown in C:\Users\hp\Local Sites\customplugin\app\public\wp-content\plugins\wp-book\includes\class-wp-book-loader.php on line 66
[30-Jul-2024 04:51:03 UTC] PHP Fatal error:  Uncaught ArgumentCountError: Too few arguments to function Wp_Book_Loader::add_action(), 2 passed in C:\Users\hp\Local Sites\customplugin\app\public\wp-content\plugins\wp-book\includes\class-wp-book.php on line 162 and at least 3 expected in C:\Users\hp\Local Sites\customplugin\app\public\wp-content\plugins\wp-book\includes\class-wp-book-loader.php:66
Stack trace:
#0 C:\Users\hp\Local Sites\customplugin\app\public\wp-content\plugins\wp-book\includes\class-wp-book.php(162): Wp_Book_Loader->add_action('load-post.php', 'smashing_post_m...')
#1 C:\Users\hp\Local Sites\customplugin\app\public\wp-content\plugins\wp-book\includes\class-wp-book.php(79): Wp_Book->define_admin_hooks()
#2 C:\Users\hp\Local Sites\customplugin\app\public\wp-content\plugins\wp-book\wp-book.php(78): Wp_Book->__construct()
#3 C:\Users\hp\Local Sites\customplugin\app\public\wp-content\plugins\wp-book\wp-book.php(82): run_wp_book()
#4 C:\Users\hp\Local Sites\customplugin\app\public\wp-settings.php(522): include_once('C:\\Users\\hp\\Loc...')
#5 C:\Users\hp\Local Sites\customplugin\app\public\wp-config.php(115): require_once('C:\\Users\\hp\\Loc...')
#6 C:\Users\hp\Local Sites\customplugin\app\public\wp-load.php(50): require_once('C:\\Users\\hp\\Loc...')
#7 C:\Users\hp\Local Sites\customplugin\app\public\wp-blog-header.php(13): require_once('C:\\Users\\hp\\Loc...')
#8 C:\Users\hp\Local Sites\customplugin\app\public\index.php(17): require('C:\\Users\\hp\\Loc...')
#9 {main}
  thrown in C:\Users\hp\Local Sites\customplugin\app\public\wp-content\plugins\wp-book\includes\class-wp-book-loader.php on line 66
[30-Jul-2024 04:51:03 UTC] PHP Fatal error:  Uncaught ArgumentCountError: Too few arguments to function Wp_Book_Loader::add_action(), 2 passed in C:\Users\hp\Local Sites\customplugin\app\public\wp-content\plugins\wp-book\includes\class-wp-book.php on line 162 and at least 3 expected in C:\Users\hp\Local Sites\customplugin\app\public\wp-content\plugins\wp-book\includes\class-wp-book-loader.php:66
Stack trace:
#0 C:\Users\hp\Local Sites\customplugin\app\public\wp-content\plugins\wp-book\includes\class-wp-book.php(162): Wp_Book_Loader->add_action('load-post.php', 'smashing_post_m...')
#1 C:\Users\hp\Local Sites\customplugin\app\public\wp-content\plugins\wp-book\includes\class-wp-book.php(79): Wp_Book->define_admin_hooks()
#2 C:\Users\hp\Local Sites\customplugin\app\public\wp-content\plugins\wp-book\wp-book.php(78): Wp_Book->__construct()
#3 C:\Users\hp\Local Sites\customplugin\app\public\wp-content\plugins\wp-book\wp-book.php(82): run_wp_book()
#4 C:\Users\hp\Local Sites\customplugin\app\public\wp-settings.php(522): include_once('C:\\Users\\hp\\Loc...')
#5 C:\Users\hp\Local Sites\customplugin\app\public\wp-config.php(115): require_once('C:\\Users\\hp\\Loc...')
#6 C:\Users\hp\Local Sites\customplugin\app\public\wp-load.php(50): require_once('C:\\Users\\hp\\Loc...')
#7 C:\Users\hp\Local Sites\customplugin\app\public\wp-admin\admin.php(34): require_once('C:\\Users\\hp\\Loc...')
#8 C:\Users\hp\Local Sites\customplugin\app\public\wp-admin\edit.php(10): require_once('C:\\Users\\hp\\Loc...')
#9 {main}
  thrown in C:\Users\hp\Local Sites\customplugin\app\public\wp-content\plugins\wp-book\includes\class-wp-book-loader.php on line 66
[30-Jul-2024 04:51:03 UTC] PHP Fatal error:  Uncaught ArgumentCountError: Too few arguments to function Wp_Book_Loader::add_action(), 2 passed in C:\Users\hp\Local Sites\customplugin\app\public\wp-content\plugins\wp-book\includes\class-wp-book.php on line 162 and at least 3 expected in C:\Users\hp\Local Sites\customplugin\app\public\wp-content\plugins\wp-book\includes\class-wp-book-loader.php:66
Stack trace:
#0 C:\Users\hp\Local Sites\customplugin\app\public\wp-content\plugins\wp-book\includes\class-wp-book.php(162): Wp_Book_Loader->add_action('load-post.php', 'smashing_post_m...')
#1 C:\Users\hp\Local Sites\customplugin\app\public\wp-content\plugins\wp-book\includes\class-wp-book.php(79): Wp_Book->define_admin_hooks()
#2 C:\Users\hp\Local Sites\customplugin\app\public\wp-content\plugins\wp-book\wp-book.php(78): Wp_Book->__construct()
#3 C:\Users\hp\Local Sites\customplugin\app\public\wp-content\plugins\wp-book\wp-book.php(82): run_wp_book()
#4 C:\Users\hp\Local Sites\customplugin\app\public\wp-settings.php(522): include_once('C:\\Users\\hp\\Loc...')
#5 C:\Users\hp\Local Sites\customplugin\app\public\wp-config.php(115): require_once('C:\\Users\\hp\\Loc...')
#6 C:\Users\hp\Local Sites\customplugin\app\public\wp-load.php(50): require_once('C:\\Users\\hp\\Loc...')
#7 C:\Users\hp\Local Sites\customplugin\app\public\wp-blog-header.php(13): require_once('C:\\Users\\hp\\Loc...')
#8 C:\Users\hp\Local Sites\customplugin\app\public\index.php(17): require('C:\\Users\\hp\\Loc...')
#9 {main}
  thrown in C:\Users\hp\Local Sites\customplugin\app\public\wp-content\plugins\wp-book\includes\class-wp-book-loader.php on line 66
[30-Jul-2024 04:51:04 UTC] PHP Fatal error:  Uncaught ArgumentCountError: Too few arguments to function Wp_Book_Loader::add_action(), 2 passed in C:\Users\hp\Local Sites\customplugin\app\public\wp-content\plugins\wp-book\includes\class-wp-book.php on line 162 and at least 3 expected in C:\Users\hp\Local Sites\customplugin\app\public\wp-content\plugins\wp-book\includes\class-wp-book-loader.php:66
Stack trace:
#0 C:\Users\hp\Local Sites\customplugin\app\public\wp-content\plugins\wp-book\includes\class-wp-book.php(162): Wp_Book_Loader->add_action('load-post.php', 'smashing_post_m...')
#1 C:\Users\hp\Local Sites\customplugin\app\public\wp-content\plugins\wp-book\includes\class-wp-book.php(79): Wp_Book->define_admin_hooks()
#2 C:\Users\hp\Local Sites\customplugin\app\public\wp-content\plugins\wp-book\wp-book.php(78): Wp_Book->__construct()
#3 C:\Users\hp\Local Sites\customplugin\app\public\wp-content\plugins\wp-book\wp-book.php(82): run_wp_book()
#4 C:\Users\hp\Local Sites\customplugin\app\public\wp-settings.php(522): include_once('C:\\Users\\hp\\Loc...')
#5 C:\Users\hp\Local Sites\customplugin\app\public\wp-config.php(115): require_once('C:\\Users\\hp\\Loc...')
#6 C:\Users\hp\Local Sites\customplugin\app\public\wp-load.php(50): require_once('C:\\Users\\hp\\Loc...')
#7 C:\Users\hp\Local Sites\customplugin\app\public\wp-admin\admin.php(34): require_once('C:\\Users\\hp\\Loc...')
#8 C:\Users\hp\Local Sites\customplugin\app\public\wp-admin\edit.php(10): require_once('C:\\Users\\hp\\Loc...')
#9 {main}
  thrown in C:\Users\hp\Local Sites\customplugin\app\public\wp-content\plugins\wp-book\includes\class-wp-book-loader.php on line 66
[30-Jul-2024 04:51:04 UTC] PHP Fatal error:  Uncaught ArgumentCountError: Too few arguments to function Wp_Book_Loader::add_action(), 2 passed in C:\Users\hp\Local Sites\customplugin\app\public\wp-content\plugins\wp-book\includes\class-wp-book.php on line 162 and at least 3 expected in C:\Users\hp\Local Sites\customplugin\app\public\wp-content\plugins\wp-book\includes\class-wp-book-loader.php:66
Stack trace:
#0 C:\Users\hp\Local Sites\customplugin\app\public\wp-content\plugins\wp-book\includes\class-wp-book.php(162): Wp_Book_Loader->add_action('load-post.php', 'smashing_post_m...')
#1 C:\Users\hp\Local Sites\customplugin\app\public\wp-content\plugins\wp-book\includes\class-wp-book.php(79): Wp_Book->define_admin_hooks()
#2 C:\Users\hp\Local Sites\customplugin\app\public\wp-content\plugins\wp-book\wp-book.php(78): Wp_Book->__construct()
#3 C:\Users\hp\Local Sites\customplugin\app\public\wp-content\plugins\wp-book\wp-book.php(82): run_wp_book()
#4 C:\Users\hp\Local Sites\customplugin\app\public\wp-settings.php(522): include_once('C:\\Users\\hp\\Loc...')
#5 C:\Users\hp\Local Sites\customplugin\app\public\wp-config.php(115): require_once('C:\\Users\\hp\\Loc...')
#6 C:\Users\hp\Local Sites\customplugin\app\public\wp-load.php(50): require_once('C:\\Users\\hp\\Loc...')
#7 C:\Users\hp\Local Sites\customplugin\app\public\wp-blog-header.php(13): require_once('C:\\Users\\hp\\Loc...')
#8 C:\Users\hp\Local Sites\customplugin\app\public\index.php(17): require('C:\\Users\\hp\\Loc...')
#9 {main}
  thrown in C:\Users\hp\Local Sites\customplugin\app\public\wp-content\plugins\wp-book\includes\class-wp-book-loader.php on line 66
[30-Jul-2024 04:53:49 UTC] PHP Parse error:  syntax error, unexpected fully qualified name "\_POST", expecting variable or "{" or "$" in C:\Users\hp\Local Sites\customplugin\app\public\wp-content\plugins\wp-book\admin\class-wp-book-admin.php on line 237
[30-Jul-2024 04:53:49 UTC] PHP Parse error:  syntax error, unexpected fully qualified name "\_POST", expecting variable or "{" or "$" in C:\Users\hp\Local Sites\customplugin\app\public\wp-content\plugins\wp-book\admin\class-wp-book-admin.php on line 237
[30-Jul-2024 04:55:06 UTC] PHP Parse error:  syntax error, unexpected fully qualified name "\_POST", expecting variable or "{" or "$" in C:\Users\hp\Local Sites\customplugin\app\public\wp-content\plugins\wp-book\admin\class-wp-book-admin.php on line 237
[30-Jul-2024 04:55:06 UTC] PHP Parse error:  syntax error, unexpected fully qualified name "\_POST", expecting variable or "{" or "$" in C:\Users\hp\Local Sites\customplugin\app\public\wp-content\plugins\wp-book\admin\class-wp-book-admin.php on line 237
[30-Jul-2024 04:56:14 UTC] PHP Parse error:  syntax error, unexpected fully qualified name "\_POST", expecting variable or "{" or "$" in C:\Users\hp\Local Sites\customplugin\app\public\wp-content\plugins\wp-book\admin\class-wp-book-admin.php on line 248
[30-Jul-2024 04:56:14 UTC] PHP Parse error:  syntax error, unexpected fully qualified name "\_POST", expecting variable or "{" or "$" in C:\Users\hp\Local Sites\customplugin\app\public\wp-content\plugins\wp-book\admin\class-wp-book-admin.php on line 248
[30-Jul-2024 04:56:15 UTC] PHP Parse error:  syntax error, unexpected fully qualified name "\_POST", expecting variable or "{" or "$" in C:\Users\hp\Local Sites\customplugin\app\public\wp-content\plugins\wp-book\admin\class-wp-book-admin.php on line 248
[30-Jul-2024 04:56:15 UTC] PHP Parse error:  syntax error, unexpected fully qualified name "\_POST", expecting variable or "{" or "$" in C:\Users\hp\Local Sites\customplugin\app\public\wp-content\plugins\wp-book\admin\class-wp-book-admin.php on line 248
[30-Jul-2024 04:56:16 UTC] PHP Parse error:  syntax error, unexpected fully qualified name "\_POST", expecting variable or "{" or "$" in C:\Users\hp\Local Sites\customplugin\app\public\wp-content\plugins\wp-book\admin\class-wp-book-admin.php on line 248
[30-Jul-2024 04:56:16 UTC] PHP Parse error:  syntax error, unexpected fully qualified name "\_POST", expecting variable or "{" or "$" in C:\Users\hp\Local Sites\customplugin\app\public\wp-content\plugins\wp-book\admin\class-wp-book-admin.php on line 248
[30-Jul-2024 04:56:29 UTC] PHP Parse error:  syntax error, unexpected fully qualified name "\_POST", expecting variable or "{" or "$" in C:\Users\hp\Local Sites\customplugin\app\public\wp-content\plugins\wp-book\admin\class-wp-book-admin.php on line 248
[30-Jul-2024 04:56:29 UTC] PHP Parse error:  syntax error, unexpected fully qualified name "\_POST", expecting variable or "{" or "$" in C:\Users\hp\Local Sites\customplugin\app\public\wp-content\plugins\wp-book\admin\class-wp-book-admin.php on line 248
[30-Jul-2024 04:56:30 UTC] PHP Parse error:  syntax error, unexpected fully qualified name "\_POST", expecting variable or "{" or "$" in C:\Users\hp\Local Sites\customplugin\app\public\wp-content\plugins\wp-book\admin\class-wp-book-admin.php on line 248
[30-Jul-2024 04:56:30 UTC] PHP Parse error:  syntax error, unexpected fully qualified name "\_POST", expecting variable or "{" or "$" in C:\Users\hp\Local Sites\customplugin\app\public\wp-content\plugins\wp-book\admin\class-wp-book-admin.php on line 248
[30-Jul-2024 04:56:33 UTC] PHP Parse error:  syntax error, unexpected fully qualified name "\_POST", expecting variable or "{" or "$" in C:\Users\hp\Local Sites\customplugin\app\public\wp-content\plugins\wp-book\admin\class-wp-book-admin.php on line 248
[30-Jul-2024 04:56:33 UTC] PHP Parse error:  syntax error, unexpected fully qualified name "\_POST", expecting variable or "{" or "$" in C:\Users\hp\Local Sites\customplugin\app\public\wp-content\plugins\wp-book\admin\class-wp-book-admin.php on line 248
[30-Jul-2024 04:56:34 UTC] PHP Parse error:  syntax error, unexpected fully qualified name "\_POST", expecting variable or "{" or "$" in C:\Users\hp\Local Sites\customplugin\app\public\wp-content\plugins\wp-book\admin\class-wp-book-admin.php on line 248
[30-Jul-2024 04:56:34 UTC] PHP Parse error:  syntax error, unexpected fully qualified name "\_POST", expecting variable or "{" or "$" in C:\Users\hp\Local Sites\customplugin\app\public\wp-content\plugins\wp-book\admin\class-wp-book-admin.php on line 248
[30-Jul-2024 04:56:34 UTC] PHP Parse error:  syntax error, unexpected fully qualified name "\_POST", expecting variable or "{" or "$" in C:\Users\hp\Local Sites\customplugin\app\public\wp-content\plugins\wp-book\admin\class-wp-book-admin.php on line 248
[30-Jul-2024 04:56:34 UTC] PHP Parse error:  syntax error, unexpected fully qualified name "\_POST", expecting variable or "{" or "$" in C:\Users\hp\Local Sites\customplugin\app\public\wp-content\plugins\wp-book\admin\class-wp-book-admin.php on line 248
[30-Jul-2024 04:56:35 UTC] PHP Parse error:  syntax error, unexpected fully qualified name "\_POST", expecting variable or "{" or "$" in C:\Users\hp\Local Sites\customplugin\app\public\wp-content\plugins\wp-book\admin\class-wp-book-admin.php on line 248
[30-Jul-2024 04:56:35 UTC] PHP Parse error:  syntax error, unexpected fully qualified name "\_POST", expecting variable or "{" or "$" in C:\Users\hp\Local Sites\customplugin\app\public\wp-content\plugins\wp-book\admin\class-wp-book-admin.php on line 248
[30-Jul-2024 04:57:40 UTC] PHP Fatal error:  Uncaught ArgumentCountError: Too few arguments to function Wp_Book_Loader::add_action(), 2 passed in C:\Users\hp\Local Sites\customplugin\app\public\wp-content\plugins\wp-book\includes\class-wp-book.php on line 162 and at least 3 expected in C:\Users\hp\Local Sites\customplugin\app\public\wp-content\plugins\wp-book\includes\class-wp-book-loader.php:66
Stack trace:
#0 C:\Users\hp\Local Sites\customplugin\app\public\wp-content\plugins\wp-book\includes\class-wp-book.php(162): Wp_Book_Loader->add_action('load-post.php', 'smashing_post_m...')
#1 C:\Users\hp\Local Sites\customplugin\app\public\wp-content\plugins\wp-book\includes\class-wp-book.php(79): Wp_Book->define_admin_hooks()
#2 C:\Users\hp\Local Sites\customplugin\app\public\wp-content\plugins\wp-book\wp-book.php(78): Wp_Book->__construct()
#3 C:\Users\hp\Local Sites\customplugin\app\public\wp-content\plugins\wp-book\wp-book.php(82): run_wp_book()
#4 C:\Users\hp\Local Sites\customplugin\app\public\wp-settings.php(522): include_once('C:\\Users\\hp\\Loc...')
#5 C:\Users\hp\Local Sites\customplugin\app\public\wp-config.php(115): require_once('C:\\Users\\hp\\Loc...')
#6 C:\Users\hp\Local Sites\customplugin\app\public\wp-load.php(50): require_once('C:\\Users\\hp\\Loc...')
#7 C:\Users\hp\Local Sites\customplugin\app\public\wp-admin\admin.php(34): require_once('C:\\Users\\hp\\Loc...')
#8 C:\Users\hp\Local Sites\customplugin\app\public\wp-admin\edit.php(10): require_once('C:\\Users\\hp\\Loc...')
#9 {main}
  thrown in C:\Users\hp\Local Sites\customplugin\app\public\wp-content\plugins\wp-book\includes\class-wp-book-loader.php on line 66
[30-Jul-2024 04:57:40 UTC] PHP Fatal error:  Uncaught ArgumentCountError: Too few arguments to function Wp_Book_Loader::add_action(), 2 passed in C:\Users\hp\Local Sites\customplugin\app\public\wp-content\plugins\wp-book\includes\class-wp-book.php on line 162 and at least 3 expected in C:\Users\hp\Local Sites\customplugin\app\public\wp-content\plugins\wp-book\includes\class-wp-book-loader.php:66
Stack trace:
#0 C:\Users\hp\Local Sites\customplugin\app\public\wp-content\plugins\wp-book\includes\class-wp-book.php(162): Wp_Book_Loader->add_action('load-post.php', 'smashing_post_m...')
#1 C:\Users\hp\Local Sites\customplugin\app\public\wp-content\plugins\wp-book\includes\class-wp-book.php(79): Wp_Book->define_admin_hooks()
#2 C:\Users\hp\Local Sites\customplugin\app\public\wp-content\plugins\wp-book\wp-book.php(78): Wp_Book->__construct()
#3 C:\Users\hp\Local Sites\customplugin\app\public\wp-content\plugins\wp-book\wp-book.php(82): run_wp_book()
#4 C:\Users\hp\Local Sites\customplugin\app\public\wp-settings.php(522): include_once('C:\\Users\\hp\\Loc...')
#5 C:\Users\hp\Local Sites\customplugin\app\public\wp-config.php(115): require_once('C:\\Users\\hp\\Loc...')
#6 C:\Users\hp\Local Sites\customplugin\app\public\wp-load.php(50): require_once('C:\\Users\\hp\\Loc...')
#7 C:\Users\hp\Local Sites\customplugin\app\public\wp-blog-header.php(13): require_once('C:\\Users\\hp\\Loc...')
#8 C:\Users\hp\Local Sites\customplugin\app\public\index.php(17): require('C:\\Users\\hp\\Loc...')
#9 {main}
  thrown in C:\Users\hp\Local Sites\customplugin\app\public\wp-content\plugins\wp-book\includes\class-wp-book-loader.php on line 66
[30-Jul-2024 05:00:15 UTC] PHP Fatal error:  Cannot redeclare smashing_post_meta_boxes_setup() (previously declared in C:\Users\hp\Local Sites\customplugin\app\public\wp-content\plugins\wp-book\includes\class-wp-book.php:167) in C:\Users\hp\Local Sites\customplugin\app\public\wp-content\plugins\wp-book\includes\class-wp-book.php on line 170
[30-Jul-2024 05:00:15 UTC] PHP Fatal error:  Cannot redeclare smashing_post_meta_boxes_setup() (previously declared in C:\Users\hp\Local Sites\customplugin\app\public\wp-content\plugins\wp-book\includes\class-wp-book.php:167) in C:\Users\hp\Local Sites\customplugin\app\public\wp-content\plugins\wp-book\includes\class-wp-book.php on line 170
[30-Jul-2024 05:02:11 UTC] PHP Fatal error:  Uncaught Error: Undefined constant "this" in C:\Users\hp\Local Sites\customplugin\app\public\wp-content\plugins\wp-book\includes\class-wp-book.php:172
Stack trace:
#0 C:\Users\hp\Local Sites\customplugin\app\public\wp-content\plugins\wp-book\includes\class-wp-book.php(79): Wp_Book->define_admin_hooks()
#1 C:\Users\hp\Local Sites\customplugin\app\public\wp-content\plugins\wp-book\wp-book.php(78): Wp_Book->__construct()
#2 C:\Users\hp\Local Sites\customplugin\app\public\wp-content\plugins\wp-book\wp-book.php(82): run_wp_book()
#3 C:\Users\hp\Local Sites\customplugin\app\public\wp-settings.php(522): include_once('C:\\Users\\hp\\Loc...')
#4 C:\Users\hp\Local Sites\customplugin\app\public\wp-config.php(115): require_once('C:\\Users\\hp\\Loc...')
#5 C:\Users\hp\Local Sites\customplugin\app\public\wp-load.php(50): require_once('C:\\Users\\hp\\Loc...')
#6 C:\Users\hp\Local Sites\customplugin\app\public\wp-admin\admin.php(34): require_once('C:\\Users\\hp\\Loc...')
#7 C:\Users\hp\Local Sites\customplugin\app\public\wp-admin\edit.php(10): require_once('C:\\Users\\hp\\Loc...')
#8 {main}
  thrown in C:\Users\hp\Local Sites\customplugin\app\public\wp-content\plugins\wp-book\includes\class-wp-book.php on line 172
[30-Jul-2024 05:02:11 UTC] PHP Fatal error:  Uncaught Error: Undefined constant "this" in C:\Users\hp\Local Sites\customplugin\app\public\wp-content\plugins\wp-book\includes\class-wp-book.php:172
Stack trace:
#0 C:\Users\hp\Local Sites\customplugin\app\public\wp-content\plugins\wp-book\includes\class-wp-book.php(79): Wp_Book->define_admin_hooks()
#1 C:\Users\hp\Local Sites\customplugin\app\public\wp-content\plugins\wp-book\wp-book.php(78): Wp_Book->__construct()
#2 C:\Users\hp\Local Sites\customplugin\app\public\wp-content\plugins\wp-book\wp-book.php(82): run_wp_book()
#3 C:\Users\hp\Local Sites\customplugin\app\public\wp-settings.php(522): include_once('C:\\Users\\hp\\Loc...')
#4 C:\Users\hp\Local Sites\customplugin\app\public\wp-config.php(115): require_once('C:\\Users\\hp\\Loc...')
#5 C:\Users\hp\Local Sites\customplugin\app\public\wp-load.php(50): require_once('C:\\Users\\hp\\Loc...')
#6 C:\Users\hp\Local Sites\customplugin\app\public\wp-blog-header.php(13): require_once('C:\\Users\\hp\\Loc...')
#7 C:\Users\hp\Local Sites\customplugin\app\public\index.php(17): require('C:\\Users\\hp\\Loc...')
#8 {main}
  thrown in C:\Users\hp\Local Sites\customplugin\app\public\wp-content\plugins\wp-book\includes\class-wp-book.php on line 172
[30-Jul-2024 05:03:16 UTC] PHP Fatal error:  Uncaught TypeError: call_user_func_array(): Argument #1 ($callback) must be a valid callback, class Wp_Book_Admin does not have a method "smashing_post_meta_boxes_setup" in C:\Users\hp\Local Sites\customplugin\app\public\wp-includes\class-wp-hook.php:324
Stack trace:
#0 C:\Users\hp\Local Sites\customplugin\app\public\wp-includes\class-wp-hook.php(348): WP_Hook->apply_filters('', Array)
#1 C:\Users\hp\Local Sites\customplugin\app\public\wp-includes\plugin.php(517): WP_Hook->do_action(Array)
#2 C:\Users\hp\Local Sites\customplugin\app\public\wp-admin\admin.php(385): do_action('load-post-new.p...')
#3 C:\Users\hp\Local Sites\customplugin\app\public\wp-admin\post-new.php(10): require_once('C:\\Users\\hp\\Loc...')
#4 {main}
  thrown in C:\Users\hp\Local Sites\customplugin\app\public\wp-includes\class-wp-hook.php on line 324
[30-Jul-2024 05:04:48 UTC] PHP Warning:  Undefined variable $plugin_admin in C:\Users\hp\Local Sites\customplugin\app\public\wp-content\plugins\wp-book\admin\class-wp-book-admin.php on line 224
[30-Jul-2024 05:04:48 UTC] PHP Warning:  Undefined array key 0 in C:\Users\hp\Local Sites\customplugin\app\public\wp-includes\plugin.php on line 1001
[30-Jul-2024 05:04:48 UTC] PHP Warning:  Undefined array key 0 in C:\Users\hp\Local Sites\customplugin\app\public\wp-includes\plugin.php on line 1004
[30-Jul-2024 05:04:48 UTC] PHP Fatal error:  Uncaught TypeError: call_user_func_array(): Argument #1 ($callback) must be a valid callback, function "smashing_save_post_class_meta" not found or invalid function name in C:\Users\hp\Local Sites\customplugin\app\public\wp-includes\class-wp-hook.php:326
Stack trace:
#0 C:\Users\hp\Local Sites\customplugin\app\public\wp-includes\class-wp-hook.php(348): WP_Hook->apply_filters(NULL, Array)
#1 C:\Users\hp\Local Sites\customplugin\app\public\wp-includes\plugin.php(517): WP_Hook->do_action(Array)
#2 C:\Users\hp\Local Sites\customplugin\app\public\wp-includes\post.php(4891): do_action('save_post', 12, Object(WP_Post), false)
#3 C:\Users\hp\Local Sites\customplugin\app\public\wp-admin\includes\post.php(766): wp_insert_post(Array, false, false)
#4 C:\Users\hp\Local Sites\customplugin\app\public\wp-admin\post-new.php(66): get_default_post_to_edit('books', true)
#5 {main}
  thrown in C:\Users\hp\Local Sites\customplugin\app\public\wp-includes\class-wp-hook.php on line 326
[30-Jul-2024 05:28:17 UTC] PHP Parse error:  syntax error, unexpected token "private" in C:\Users\hp\Local Sites\customplugin\app\public\wp-content\plugins\wp-book\includes\class-wp-book.php on line 162
[30-Jul-2024 05:28:17 UTC] PHP Parse error:  syntax error, unexpected token "private" in C:\Users\hp\Local Sites\customplugin\app\public\wp-content\plugins\wp-book\includes\class-wp-book.php on line 162
[30-Jul-2024 05:28:17 UTC] PHP Parse error:  syntax error, unexpected token "private" in C:\Users\hp\Local Sites\customplugin\app\public\wp-content\plugins\wp-book\includes\class-wp-book.php on line 162
[30-Jul-2024 05:31:49 UTC] PHP Parse error:  syntax error, unexpected token "private" in C:\Users\hp\Local Sites\customplugin\app\public\wp-content\plugins\wp-book\includes\class-wp-book.php on line 163
[30-Jul-2024 05:31:49 UTC] PHP Parse error:  syntax error, unexpected token "private" in C:\Users\hp\Local Sites\customplugin\app\public\wp-content\plugins\wp-book\includes\class-wp-book.php on line 163
[30-Jul-2024 05:32:59 UTC] PHP Parse error:  syntax error, unexpected token "private", expecting end of file in C:\Users\hp\Local Sites\customplugin\app\public\wp-content\plugins\wp-book\includes\class-wp-book.php on line 178
[30-Jul-2024 05:32:59 UTC] PHP Parse error:  syntax error, unexpected token "private", expecting end of file in C:\Users\hp\Local Sites\customplugin\app\public\wp-content\plugins\wp-book\includes\class-wp-book.php on line 178
[30-Jul-2024 05:33:00 UTC] PHP Parse error:  syntax error, unexpected token "private", expecting end of file in C:\Users\hp\Local Sites\customplugin\app\public\wp-content\plugins\wp-book\includes\class-wp-book.php on line 178
[30-Jul-2024 05:33:00 UTC] PHP Parse error:  syntax error, unexpected token "private", expecting end of file in C:\Users\hp\Local Sites\customplugin\app\public\wp-content\plugins\wp-book\includes\class-wp-book.php on line 178
[30-Jul-2024 05:34:25 UTC] PHP Parse error:  syntax error, unexpected token "private", expecting end of file in C:\Users\hp\Local Sites\customplugin\app\public\wp-content\plugins\wp-book\includes\class-wp-book.php on line 178
[30-Jul-2024 05:34:25 UTC] PHP Parse error:  syntax error, unexpected token "private", expecting end of file in C:\Users\hp\Local Sites\customplugin\app\public\wp-content\plugins\wp-book\includes\class-wp-book.php on line 178
[30-Jul-2024 05:37:39 UTC] PHP Parse error:  syntax error, unexpected token "private", expecting end of file in C:\Users\hp\Local Sites\customplugin\app\public\wp-content\plugins\wp-book\includes\class-wp-book.php on line 179
[30-Jul-2024 05:37:39 UTC] PHP Parse error:  syntax error, unexpected token "private", expecting end of file in C:\Users\hp\Local Sites\customplugin\app\public\wp-content\plugins\wp-book\includes\class-wp-book.php on line 179
[30-Jul-2024 05:41:01 UTC] Automatic updates starting...
[30-Jul-2024 05:41:02 UTC] Automatic updates complete.
[30-Jul-2024 05:54:05 UTC] PHP Parse error:  syntax error, unexpected identifier "add_action", expecting "function" or "const" in C:\Users\hp\Local Sites\customplugin\app\public\wp-content\plugins\wp-book\includes\class-wp-book.php on line 171
[30-Jul-2024 05:54:16 UTC] PHP Parse error:  syntax error, unexpected identifier "add_action", expecting "function" or "const" in C:\Users\hp\Local Sites\customplugin\app\public\wp-content\plugins\wp-book\includes\class-wp-book.php on line 171
[30-Jul-2024 05:54:16 UTC] PHP Parse error:  syntax error, unexpected identifier "add_action", expecting "function" or "const" in C:\Users\hp\Local Sites\customplugin\app\public\wp-content\plugins\wp-book\includes\class-wp-book.php on line 171
[30-Jul-2024 05:54:16 UTC] PHP Parse error:  syntax error, unexpected identifier "add_action", expecting "function" or "const" in C:\Users\hp\Local Sites\customplugin\app\public\wp-content\plugins\wp-book\includes\class-wp-book.php on line 171
[30-Jul-2024 05:54:18 UTC] PHP Parse error:  syntax error, unexpected identifier "add_action", expecting "function" or "const" in C:\Users\hp\Local Sites\customplugin\app\public\wp-content\plugins\wp-book\includes\class-wp-book.php on line 171
[30-Jul-2024 05:54:18 UTC] PHP Parse error:  syntax error, unexpected identifier "add_action", expecting "function" or "const" in C:\Users\hp\Local Sites\customplugin\app\public\wp-content\plugins\wp-book\includes\class-wp-book.php on line 171
[30-Jul-2024 05:55:04 UTC] PHP Parse error:  syntax error, unexpected identifier "add_action", expecting "function" or "const" in C:\Users\hp\Local Sites\customplugin\app\public\wp-content\plugins\wp-book\includes\class-wp-book.php on line 171
[30-Jul-2024 05:55:04 UTC] PHP Parse error:  syntax error, unexpected identifier "add_action", expecting "function" or "const" in C:\Users\hp\Local Sites\customplugin\app\public\wp-content\plugins\wp-book\includes\class-wp-book.php on line 171
[30-Jul-2024 05:55:06 UTC] PHP Parse error:  syntax error, unexpected identifier "add_action", expecting "function" or "const" in C:\Users\hp\Local Sites\customplugin\app\public\wp-content\plugins\wp-book\includes\class-wp-book.php on line 171
[30-Jul-2024 05:55:06 UTC] PHP Parse error:  syntax error, unexpected identifier "add_action", expecting "function" or "const" in C:\Users\hp\Local Sites\customplugin\app\public\wp-content\plugins\wp-book\includes\class-wp-book.php on line 171
[30-Jul-2024 05:55:08 UTC] PHP Parse error:  syntax error, unexpected identifier "add_action", expecting "function" or "const" in C:\Users\hp\Local Sites\customplugin\app\public\wp-content\plugins\wp-book\includes\class-wp-book.php on line 171
[30-Jul-2024 05:55:08 UTC] PHP Parse error:  syntax error, unexpected identifier "add_action", expecting "function" or "const" in C:\Users\hp\Local Sites\customplugin\app\public\wp-content\plugins\wp-book\includes\class-wp-book.php on line 171
[30-Jul-2024 05:57:01 UTC] PHP Parse error:  syntax error, unexpected identifier "add_action", expecting "function" or "const" in C:\Users\hp\Local Sites\customplugin\app\public\wp-content\plugins\wp-book\includes\class-wp-book.php on line 173
[30-Jul-2024 05:57:01 UTC] PHP Parse error:  syntax error, unexpected identifier "add_action", expecting "function" or "const" in C:\Users\hp\Local Sites\customplugin\app\public\wp-content\plugins\wp-book\includes\class-wp-book.php on line 173
[30-Jul-2024 05:57:02 UTC] PHP Parse error:  syntax error, unexpected identifier "add_action", expecting "function" or "const" in C:\Users\hp\Local Sites\customplugin\app\public\wp-content\plugins\wp-book\includes\class-wp-book.php on line 173
[30-Jul-2024 05:57:02 UTC] PHP Parse error:  syntax error, unexpected identifier "add_action", expecting "function" or "const" in C:\Users\hp\Local Sites\customplugin\app\public\wp-content\plugins\wp-book\includes\class-wp-book.php on line 173
[30-Jul-2024 05:57:22 UTC] PHP Fatal error:  Uncaught TypeError: call_user_func_array(): Argument #1 ($callback) must be a valid callback, class Wp_Book_Admin does not have a method "enqueue_admin_styles" in C:\Users\hp\Local Sites\customplugin\app\public\wp-includes\class-wp-hook.php:324
Stack trace:
#0 C:\Users\hp\Local Sites\customplugin\app\public\wp-includes\class-wp-hook.php(348): WP_Hook->apply_filters(NULL, Array)
#1 C:\Users\hp\Local Sites\customplugin\app\public\wp-includes\plugin.php(517): WP_Hook->do_action(Array)
#2 C:\Users\hp\Local Sites\customplugin\app\public\wp-admin\admin-header.php(118): do_action('admin_enqueue_s...', 'post-new.php')
#3 C:\Users\hp\Local Sites\customplugin\app\public\wp-admin\edit-form-blocks.php(312): require_once('C:\\Users\\hp\\Loc...')
#4 C:\Users\hp\Local Sites\customplugin\app\public\wp-admin\post-new.php(72): require('C:\\Users\\hp\\Loc...')
#5 {main}
  thrown in C:\Users\hp\Local Sites\customplugin\app\public\wp-includes\class-wp-hook.php on line 324
[30-Jul-2024 05:58:41 UTC] PHP Warning:  Undefined variable $author in C:\Users\hp\Local Sites\customplugin\app\public\wp-content\plugins\wp-book\admin\class-wp-book-admin.php on line 239
[30-Jul-2024 05:59:18 UTC] PHP Fatal error:  Uncaught TypeError: call_user_func_array(): Argument #1 ($callback) must be a valid callback, class Wp_Book_Admin does not have a method "enqueue_admin_styles" in C:\Users\hp\Local Sites\customplugin\app\public\wp-includes\class-wp-hook.php:324
Stack trace:
#0 C:\Users\hp\Local Sites\customplugin\app\public\wp-includes\class-wp-hook.php(348): WP_Hook->apply_filters(NULL, Array)
#1 C:\Users\hp\Local Sites\customplugin\app\public\wp-includes\plugin.php(517): WP_Hook->do_action(Array)
#2 C:\Users\hp\Local Sites\customplugin\app\public\wp-admin\admin-header.php(118): do_action('admin_enqueue_s...', 'post-new.php')
#3 C:\Users\hp\Local Sites\customplugin\app\public\wp-admin\edit-form-blocks.php(312): require_once('C:\\Users\\hp\\Loc...')
#4 C:\Users\hp\Local Sites\customplugin\app\public\wp-admin\post-new.php(72): require('C:\\Users\\hp\\Loc...')
#5 {main}
  thrown in C:\Users\hp\Local Sites\customplugin\app\public\wp-includes\class-wp-hook.php on line 324
